This is pdfTeX, Version 3.1415926-2.4-1.40.13 (TeX Live 2012) (format=pdflatex 2013.2.4)  18 OCT 2013 15:23
entering extended mode
 restricted \write18 enabled.
 file:line:error style messages enabled.
 %&-line parsing enabled.
**JSSA_Template_e.tex
(./JSSA_Template_e.tex
LaTeX2e <2011/06/27>
Babel <v3.8m> and hyphenation patterns for english, dumylang, nohyphenation, ge
rman-x-2012-05-30, ngerman-x-2012-05-30, afrikaans, ancientgreek, ibycus, arabi
c, armenian, basque, bulgarian, catalan, pinyin, coptic, croatian, czech, danis
h, dutch, ukenglish, usenglishmax, esperanto, estonian, ethiopic, farsi, finnis
h, french, friulan, galician, german, ngerman, swissgerman, monogreek, greek, h
ungarian, icelandic, assamese, bengali, gujarati, hindi, kannada, malayalam, ma
rathi, oriya, panjabi, tamil, telugu, indonesian, interlingua, irish, italian, 
kurmanji, latin, latvian, lithuanian, mongolian, mongolianlmc, bokmal, nynorsk,
 polish, portuguese, romanian, romansh, russian, sanskrit, serbian, serbianc, s
lovak, slovenian, spanish, swedish, turkish, turkmen, ukrainian, uppersorbian, 
welsh, loaded.
(/usr/local/texlive/2012/texmf-dist/tex/latex/base/article.cls
Document Class: article 2007/10/19 v1.4h Standard LaTeX document class
(/usr/local/texlive/2012/texmf-dist/tex/latex/base/size10.clo
File: size10.clo 2007/10/19 v1.4h Standard LaTeX file (size option)
)
\c@part=\count79
\c@section=\count80
\c@subsection=\count81
\c@subsubsection=\count82
\c@paragraph=\count83
\c@subparagraph=\count84
\c@figure=\count85
\c@table=\count86
\abovecaptionskip=\skip41
\belowcaptionskip=\skip42
\bibindent=\dimen102
) (./jssa_e.sty)
(/usr/local/texlive/2012/texmf-dist/tex/latex/amsmath/amsmath.sty
Package: amsmath 2000/07/18 v2.13 AMS math features
\@mathmargin=\skip43

For additional information on amsmath, use the `?' option.
(/usr/local/texlive/2012/texmf-dist/tex/latex/amsmath/amstext.sty
Package: amstext 2000/06/29 v2.01

(/usr/local/texlive/2012/texmf-dist/tex/latex/amsmath/amsgen.sty
File: amsgen.sty 1999/11/30 v2.0
\@emptytoks=\toks14
\ex@=\dimen103
))
(/usr/local/texlive/2012/texmf-dist/tex/latex/amsmath/amsbsy.sty
Package: amsbsy 1999/11/29 v1.2d
\pmbraise@=\dimen104
)
(/usr/local/texlive/2012/texmf-dist/tex/latex/amsmath/amsopn.sty
Package: amsopn 1999/12/14 v2.01 operator names
)
\inf@bad=\count87
LaTeX Info: Redefining \frac on input line 211.
\uproot@=\count88
\leftroot@=\count89
LaTeX Info: Redefining \overline on input line 307.
\classnum@=\count90
\DOTSCASE@=\count91
LaTeX Info: Redefining \ldots on input line 379.
LaTeX Info: Redefining \dots on input line 382.
LaTeX Info: Redefining \cdots on input line 467.
\Mathstrutbox@=\box26
\strutbox@=\box27
\big@size=\dimen105
LaTeX Font Info:    Redeclaring font encoding OML on input line 567.
LaTeX Font Info:    Redeclaring font encoding OMS on input line 568.
\macc@depth=\count92
\c@MaxMatrixCols=\count93
\dotsspace@=\muskip10
\c@parentequation=\count94
\dspbrk@lvl=\count95
\tag@help=\toks15
\row@=\count96
\column@=\count97
\maxfields@=\count98
\andhelp@=\toks16
\eqnshift@=\dimen106
\alignsep@=\dimen107
\tagshift@=\dimen108
\tagwidth@=\dimen109
\totwidth@=\dimen110
\lineht@=\dimen111
\@envbody=\toks17
\multlinegap=\skip44
\multlinetaggap=\skip45
\mathdisplay@stack=\toks18
LaTeX Info: Redefining \[ on input line 2666.
LaTeX Info: Redefining \] on input line 2667.
)
(/usr/local/texlive/2012/texmf-dist/tex/latex/graphics/graphicx.sty
Package: graphicx 1999/02/16 v1.0f Enhanced LaTeX Graphics (DPC,SPQR)

(/usr/local/texlive/2012/texmf-dist/tex/latex/graphics/keyval.sty
Package: keyval 1999/03/16 v1.13 key=value parser (DPC)
\KV@toks@=\toks19
)
(/usr/local/texlive/2012/texmf-dist/tex/latex/graphics/graphics.sty
Package: graphics 2009/02/05 v1.0o Standard LaTeX Graphics (DPC,SPQR)

(/usr/local/texlive/2012/texmf-dist/tex/latex/graphics/trig.sty
Package: trig 1999/03/16 v1.09 sin cos tan (DPC)
)
(/usr/local/texlive/2012/texmf-dist/tex/latex/latexconfig/graphics.cfg
File: graphics.cfg 2010/04/23 v1.9 graphics configuration of TeX Live
)
Package graphics Info: Driver file: pdftex.def on input line 91.

(/usr/local/texlive/2012/texmf-dist/tex/latex/pdftex-def/pdftex.def
File: pdftex.def 2011/05/27 v0.06d Graphics/color for pdfTeX

(/usr/local/texlive/2012/texmf-dist/tex/generic/oberdiek/infwarerr.sty
Package: infwarerr 2010/04/08 v1.3 Providing info/warning/error messages (HO)
)
(/usr/local/texlive/2012/texmf-dist/tex/generic/oberdiek/ltxcmds.sty
Package: ltxcmds 2011/11/09 v1.22 LaTeX kernel commands for general use (HO)
)
\Gread@gobject=\count99
))
\Gin@req@height=\dimen112
\Gin@req@width=\dimen113
)
(/usr/local/texlive/2012/texmf-dist/tex/latex/biblatex/biblatex.sty
Package: biblatex 2011/11/13 v1.7 programmable bibliographies

(/usr/local/texlive/2012/texmf-dist/tex/latex/etoolbox/etoolbox.sty
Package: etoolbox 2011/01/03 v2.1 e-TeX tools for LaTeX

(/usr/local/texlive/2012/texmf-dist/tex/latex/etex-pkg/etex.sty
Package: etex 1998/03/26 v2.0 eTeX basic definition package (PEB)
\et@xins=\count100
)
\etb@tempcnta=\count101
)
(/usr/local/texlive/2012/texmf-dist/tex/latex/logreq/logreq.sty
Package: logreq 2010/08/04 v1.0 xml request logger
\lrq@indent=\count102

(/usr/local/texlive/2012/texmf-dist/tex/latex/logreq/logreq.def
File: logreq.def 2010/08/04 v1.0 logreq spec v1.0
))
(/usr/local/texlive/2012/texmf-dist/tex/latex/base/ifthen.sty
Package: ifthen 2001/05/26 v1.1c Standard LaTeX ifthen package (DPC)
)
(/usr/local/texlive/2012/texmf-dist/tex/latex/url/url.sty
\Urlmuskip=\muskip11
Package: url 2006/04/12  ver 3.3  Verb mode for urls, etc.
)
\c@listtotal=\count103
\c@listcount=\count104
\c@liststart=\count105
\c@liststop=\count106
\c@citecount=\count107
\c@citetotal=\count108
\c@multicitecount=\count109
\c@multicitetotal=\count110
\c@instcount=\count111
\c@maxnames=\count112
\c@minnames=\count113
\c@maxitems=\count114
\c@minitems=\count115
\c@citecounter=\count116
\c@savedcitecounter=\count117
\c@uniquelist=\count118
\c@uniquename=\count119
\c@refsection=\count120
\c@refsegment=\count121
\c@maxextrayear=\count122
\c@maxextraalpha=\count123
\c@abbrvpenalty=\count124
\c@highnamepenalty=\count125
\c@lownamepenalty=\count126
\c@maxparens=\count127
\c@parenlevel=\count128
\blx@tempcnta=\count129
\blx@tempcntb=\count130
\blx@tempcntc=\count131
\blx@maxsection=\count132
\blx@maxsegment=\count133
\blx@notetype=\count134
\blx@parenlevel@text=\count135
\blx@parenlevel@foot=\count136
\labelnumberwidth=\skip46
\labelalphawidth=\skip47
\shorthandwidth=\skip48
\biblabelsep=\skip49
\bibitemsep=\skip50
\bibnamesep=\skip51
\bibinitsep=\skip52
\bibparsep=\skip53
\bibhang=\skip54
\blx@auxin=\read1
\blx@auxout=\write3
\c@mincomprange=\count137
\c@maxcomprange=\count138
\c@mincompwidth=\count139
\c@labelname=\count140
\c@savedlabelname=\count141
\c@author=\count142
\c@savedauthor=\count143
\c@shortauthor=\count144
\c@savedshortauthor=\count145
\c@editor=\count146
\c@savededitor=\count147
\c@editora=\count148
\c@savededitora=\count149
\c@editorb=\count150
\c@savededitorb=\count151
\c@editorc=\count152
\c@savededitorc=\count153
\c@shorteditor=\count154
\c@savedshorteditor=\count155
\c@bookauthor=\count156
\c@savedbookauthor=\count157
\c@translator=\count158
\c@savedtranslator=\count159
\c@annotator=\count160
\c@savedannotator=\count161
\c@commentator=\count162
\c@savedcommentator=\count163
\c@introduction=\count164
\c@savedintroduction=\count165
\c@foreword=\count166
\c@savedforeword=\count167
\c@afterword=\count168
\c@savedafterword=\count169
\c@holder=\count170
\c@savedholder=\count171
\c@namea=\count172
\c@savednamea=\count173
\c@nameb=\count174
\c@savednameb=\count175
\c@namec=\count176
\c@savednamec=\count177
\c@institution=\count178
\c@savedinstitution=\count179
\c@language=\count180
\c@savedlanguage=\count181
\c@location=\count182
\c@savedlocation=\count183
\c@organization=\count184
\c@savedorganization=\count185
\c@origlocation=\count186
\c@savedoriglocation=\count187
\c@origpublisher=\count188
\c@savedorigpublisher=\count189
\c@pageref=\count190
\c@savedpageref=\count191
\c@publisher=\count192
\c@savedpublisher=\count193
\c@lista=\count194
\c@savedlista=\count195
\c@listb=\count196
\c@savedlistb=\count197
\c@listc=\count198
\c@savedlistc=\count199
\c@listd=\count200
\c@savedlistd=\count201
\c@liste=\count202
\c@savedliste=\count203
\c@listf=\count204
\c@savedlistf=\count205
Package biblatex Info: Trying to load compatibility code...
Package biblatex Info: ... file 'blx-compat.def' found.

(/usr/local/texlive/2012/texmf-dist/tex/latex/biblatex/blx-compat.def
File: blx-compat.def 2011/11/13 v1.7 biblatex generic compatibility
)
Package biblatex Info: Trying to load generic definitions...
Package biblatex Info: ... file 'biblatex.def' found.

(/usr/local/texlive/2012/texmf-dist/tex/latex/biblatex/biblatex.def
File: biblatex.def 2011/11/13 v1.7 biblatex generic definitions
\c@biburlnumpenalty=\count206
\c@biburlucpenalty=\count207
\c@biburllcpenalty=\count208
\c@smartand=\count209
)
Package biblatex Info: Trying to load bibliography style 'numeric'...
Package biblatex Info: ... file 'numeric.bbx' found.

(/usr/local/texlive/2012/texmf-dist/tex/latex/biblatex/bbx/numeric.bbx
File: numeric.bbx 2011/11/13 v1.7 biblatex bibliography style
Package biblatex Info: Trying to load bibliography style 'standard'...
Package biblatex Info: ... file 'standard.bbx' found.

(/usr/local/texlive/2012/texmf-dist/tex/latex/biblatex/bbx/standard.bbx
File: standard.bbx 2011/11/13 v1.7 biblatex bibliography style
))
Package biblatex Info: Trying to load citation style 'numeric'...
Package biblatex Info: ... file 'numeric.cbx' found.

(/usr/local/texlive/2012/texmf-dist/tex/latex/biblatex/cbx/numeric.cbx
File: numeric.cbx 2011/11/13 v1.7 biblatex citation style
Package biblatex Info: Redefining '\cite'.
Package biblatex Info: Redefining '\parencite'.
Package biblatex Info: Redefining '\footcite'.
Package biblatex Info: Redefining '\footcitetext'.
Package biblatex Info: Redefining '\smartcite'.
Package biblatex Info: Redefining '\textcite'.
Package biblatex Info: Redefining '\supercite'.
Package biblatex Info: Redefining '\cites'.
Package biblatex Info: Redefining '\parencites'.
Package biblatex Info: Redefining '\smartcites'.
)
Package biblatex Info: Trying to load configuration file...
Package biblatex Info: ... file 'biblatex.cfg' found.

(/usr/local/texlive/2012/texmf-dist/tex/latex/biblatex/biblatex.cfg
File: biblatex.cfg 
))
Package biblatex Info: Trying to load language 'english'...
Package biblatex Info: ... file 'english.lbx' found.

(/usr/local/texlive/2012/texmf-dist/tex/latex/biblatex/lbx/english.lbx
File: english.lbx 2011/11/13 v1.7 biblatex localization
)
\@quotelevel=\count210
\@quotereset=\count211

(./JSSA_Template_e.aux)
\openout1 = `JSSA_Template_e.aux'.

LaTeX Font Info:    Checking defaults for OML/cmm/m/it on input line 41.
LaTeX Font Info:    ... okay on input line 41.
LaTeX Font Info:    Checking defaults for T1/cmr/m/n on input line 41.
LaTeX Font Info:    ... okay on input line 41.
LaTeX Font Info:    Checking defaults for OT1/cmr/m/n on input line 41.
LaTeX Font Info:    ... okay on input line 41.
LaTeX Font Info:    Checking defaults for OMS/cmsy/m/n on input line 41.
LaTeX Font Info:    ... okay on input line 41.
LaTeX Font Info:    Checking defaults for OMX/cmex/m/n on input line 41.
LaTeX Font Info:    ... okay on input line 41.
LaTeX Font Info:    Checking defaults for U/cmr/m/n on input line 41.
LaTeX Font Info:    ... okay on input line 41.
LaTeX Font Info:    Try loading font information for OT1+ptm on input line 41.

(/usr/local/texlive/2012/texmf-dist/tex/latex/psnfss/ot1ptm.fd
File: ot1ptm.fd 2001/06/04 font definitions for OT1/ptm.
)
(/usr/local/texlive/2012/texmf-dist/tex/context/base/supp-pdf.mkii
[Loading MPS to PDF converter (version 2006.09.02).]
\scratchcounter=\count212
\scratchdimen=\dimen114
\scratchbox=\box28
\nofMPsegments=\count213
\nofMParguments=\count214
\everyMPshowfont=\toks20
\MPscratchCnt=\count215
\MPscratchDim=\dimen115
\MPnumerator=\count216
\makeMPintoPDFobject=\count217
\everyMPtoPDFconversion=\toks21
) (/usr/local/texlive/2012/texmf-dist/tex/generic/oberdiek/pdftexcmds.sty
Package: pdftexcmds 2011/11/29 v0.20 Utility functions of pdfTeX for LuaTeX (HO
)

(/usr/local/texlive/2012/texmf-dist/tex/generic/oberdiek/ifluatex.sty
Package: ifluatex 2010/03/01 v1.3 Provides the ifluatex switch (HO)
Package ifluatex Info: LuaTeX not detected.
)
(/usr/local/texlive/2012/texmf-dist/tex/generic/oberdiek/ifpdf.sty
Package: ifpdf 2011/01/30 v2.3 Provides the ifpdf switch (HO)
Package ifpdf Info: pdfTeX in PDF mode is detected.
)
Package pdftexcmds Info: LuaTeX not detected.
Package pdftexcmds Info: \pdf@primitive is available.
Package pdftexcmds Info: \pdf@ifprimitive is available.
Package pdftexcmds Info: \pdfdraftmode found.
)
(/usr/local/texlive/2012/texmf-dist/tex/latex/oberdiek/epstopdf-base.sty
Package: epstopdf-base 2010/02/09 v2.5 Base part for package epstopdf

(/usr/local/texlive/2012/texmf-dist/tex/latex/oberdiek/grfext.sty
Package: grfext 2010/08/19 v1.1 Manage graphics extensions (HO)

(/usr/local/texlive/2012/texmf-dist/tex/generic/oberdiek/kvdefinekeys.sty
Package: kvdefinekeys 2011/04/07 v1.3 Define keys (HO)
))
(/usr/local/texlive/2012/texmf-dist/tex/latex/oberdiek/kvoptions.sty
Package: kvoptions 2011/06/30 v3.11 Key value format for package options (HO)

(/usr/local/texlive/2012/texmf-dist/tex/generic/oberdiek/kvsetkeys.sty
Package: kvsetkeys 2012/04/25 v1.16 Key value parser (HO)

(/usr/local/texlive/2012/texmf-dist/tex/generic/oberdiek/etexcmds.sty
Package: etexcmds 2011/02/16 v1.5 Avoid name clashes with e-TeX commands (HO)
Package etexcmds Info: Could not find \expanded.
(etexcmds)             That can mean that you are not using pdfTeX 1.50 or
(etexcmds)             that some package has redefined \expanded.
(etexcmds)             In the latter case, load this package earlier.
)))
Package grfext Info: Graphics extension search list:
(grfext)             [.png,.pdf,.jpg,.mps,.jpeg,.jbig2,.jb2,.PNG,.PDF,.JPG,.JPE
G,.JBIG2,.JB2,.eps]
(grfext)             \AppendGraphicsExtensions on input line 452.

(/usr/local/texlive/2012/texmf-dist/tex/latex/latexconfig/epstopdf-sys.cfg
File: epstopdf-sys.cfg 2010/07/13 v1.3 Configuration of (r)epstopdf for TeX Liv
e
))
Package biblatex Info: No input encoding detected.
(biblatex)             Assuming 'ascii'.
Package biblatex Info: Automatic encoding selection.
(biblatex)             Assuming data encoding 'ascii'.
\openout3 = `JSSA_Template_e-blx.bib'.

Package biblatex Info: Trying to load bibliographic data...
Package biblatex Info: ... file 'JSSA_Template_e.bbl' found.

(./JSSA_Template_e.bbl)
Package biblatex Info: Reference section=0 on input line 41.
Package biblatex Info: Reference segment=0 on input line 41.
LaTeX Font Info:    Font shape `OT1/ptm/bx/n' in size <14.4> not available
(Font)              Font shape `OT1/ptm/b/n' tried instead on input line 70.
LaTeX Font Info:    Font shape `OT1/ptm/bx/n' in size <10> not available
(Font)              Font shape `OT1/ptm/b/n' tried instead on input line 73.
LaTeX Font Info:    Try loading font information for OT1+pcr on input line 94.

(/usr/local/texlive/2012/texmf-dist/tex/latex/psnfss/ot1pcr.fd
File: ot1pcr.fd 2001/06/04 font definitions for OT1/pcr.
)
LaTeX Font Info:    Try loading font information for OMS+ptm on input line 126.


(/usr/local/texlive/2012/texmf-dist/tex/latex/psnfss/omsptm.fd
File: omsptm.fd 
)
LaTeX Font Info:    Font shape `OMS/ptm/m/n' in size <10> not available
(Font)              Font shape `OMS/cmsy/m/n' tried instead on input line 126.

Underfull \hbox (badness 1178) in paragraph at lines 126--127
[]\OT1/ptm/m/n/10 Loading and stor-ing Spat-DIF scenes from/to a
 []


Overfull \vbox (5.4559pt too high) has occurred while \output is active []


[17{/usr/local/texlive/2012/texmf-var/fonts/map/pdftex/updmap/pdftex.map}



]
<classes.pdf, id=12, 1706.375pt x 1114.1625pt>
File: classes.pdf Graphic file (type pdf)
 <use classes.pdf>
Package pdftex.def Info: classes.pdf used on input line 145.
(pdftex.def)             Requested size: 497.92322pt x 325.10493pt.

Underfull \hbox (badness 1019) in paragraph at lines 154--155
[]\OT1/ptm/m/n/10 adding, re-mov-ing and mod-i-fy-ing en-ti-ties in its
 []


Underfull \hbox (badness 2368) in paragraph at lines 197--197
\OT1/ptm/m/n/10 ``Au-dioB-IFS: De-scrib-ing au-dio scenes with the
 []

LaTeX Font Info:    Font shape `OT1/ptm/bx/n' in size <12> not available
(Font)              Font shape `OT1/ptm/b/n' tried instead on input line 200.

Underfull \hbox (badness 1147) in paragraph at lines 201--202
\OT1/ptm/m/n/10 ogy/2004) from Ku-ni-tachi Col-lege of Mu-sic, Tokyo,
 []


Overfull \vbox (6.81989pt too high) has occurred while \output is active []


[18]
Overfull \vbox (6.81989pt too high) has occurred while \output is active []


[19 <./classes.pdf>] (./JSSA_Template_e.aux)
Package logreq Info: Writing requests to 'JSSA_Template_e.run.xml'.
\openout1 = `JSSA_Template_e.run.xml'.

 ) 
Here is how much of TeX's memory you used:
 6908 strings out of 493488
 109970 string characters out of 3141327
 267475 words of memory out of 3000000
 10124 multiletter control sequences out of 15000+200000
 26339 words of font info for 53 fonts, out of 3000000 for 9000
 957 hyphenation exceptions out of 8191
 38i,13n,49p,1162b,887s stack positions out of 5000i,500n,10000p,200000b,50000s
{/usr/local/texlive/2012/texmf-dist/fonts/enc/dvips/base/8r.enc}</usr/local/t
exlive/2012/texmf-dist/fonts/type1/public/amsfonts/cm/cmsy10.pfb></usr/local/te
xlive/2012/texmf-dist/fonts/type1/urw/courier/ucrr8a.pfb></usr/local/texlive/20
12/texmf-dist/fonts/type1/urw/times/utmb8a.pfb></usr/local/texlive/2012/texmf-d
ist/fonts/type1/urw/times/utmr8a.pfb></usr/local/texlive/2012/texmf-dist/fonts/
type1/urw/times/utmr8a.pfb></usr/local/texlive/2012/texmf-dist/fonts/type1/urw/
times/utmri8a.pfb>
Output written on JSSA_Template_e.pdf (3 pages, 334467 bytes).
PDF statistics:
 50 PDF objects out of 1000 (max. 8388607)
 34 compressed objects within 1 object stream
 0 named destinations out of 1000 (max. 500000)
 6 words of extra memory for PDF output out of 10000 (max. 10000000)

